<?xml version="1.0" encoding="UTF-8"?>
<!-- Generated by org.testng.reporters.JUnitXMLReporter -->
<testsuite hostname="DESKTOP-1D1H5F9" ignored="0" name="Test" tests="1" failures="1" timestamp="29 Jan 2019 13:18:19 GMT" time="37.571" errors="0">
  <testcase name="feature" time="36.981" classname="TestRunner.TestRunner">
    <failure type="cucumber.runtime.CucumberException" message="java.lang.IndexOutOfBoundsException: Index: 100, Size: 100">
      <![CDATA[cucumber.runtime.CucumberException: java.lang.IndexOutOfBoundsException: Index: 100, Size: 100
at cucumber.api.testng.TestNGCucumberRunner.runCucumber(TestNGCucumberRunner.java:69)
at TestRunner.TestRunner.feature(TestRunner.java:37)
Caused by: java.lang.IndexOutOfBoundsException: Index: 100, Size: 100
at java.util.ArrayList.rangeCheck(Unknown Source)
at java.util.ArrayList.get(Unknown Source)
at StepDef.StepDef.the_user_click_on_last_mail(StepDef.java:74)
at ✽.Then the user click on last mail(gmail.feature:9)
... Removed 25 stack frames]]>
    </failure>
  </testcase> <!-- feature -->
</testsuite> <!-- Test -->
