<?xml version="1.0" encoding="UTF-8"?>
<testng-results skipped="0" failed="0" ignored="0" total="1" passed="1">
  <reporter-output>
  </reporter-output>
  <suite name="Default suite" duration-ms="30191" started-at="2019-01-29T13:31:18Z" finished-at="2019-01-29T13:31:48Z">
    <groups>
    </groups>
    <test name="Default test" duration-ms="30191" started-at="2019-01-29T13:31:18Z" finished-at="2019-01-29T13:31:48Z">
      <class name="TestRunner.TestRunner">
        <test-method status="PASS" signature="setUpClass()[pri:0, instance:TestRunner.TestRunner@4cf777e8]" name="setUpClass" is-config="true" duration-ms="277" started-at="2019-01-29T13:31:18Z" finished-at="2019-01-29T13:31:18Z">
          <reporter-output>
          </reporter-output>
        </test-method> <!-- setUpClass -->
        <test-method status="PASS" signature="feature(cucumber.api.testng.CucumberFeatureWrapper)[pri:0, instance:TestRunner.TestRunner@4cf777e8]" name="feature" duration-ms="29769" started-at="2019-01-29T13:31:18Z" data-provider="features" finished-at="2019-01-29T13:31:48Z">
          <params>
            <param index="0">
              <value>
                <![CDATA[Gmail  Login Feature]]>
              </value>
            </param>
          </params>
          <reporter-output>
          </reporter-output>
        </test-method> <!-- feature -->
        <test-method status="PASS" signature="tearDownClass()[pri:0, instance:TestRunner.TestRunner@4cf777e8]" name="tearDownClass" is-config="true" duration-ms="13" started-at="2019-01-29T13:31:48Z" finished-at="2019-01-29T13:31:48Z">
          <reporter-output>
          </reporter-output>
        </test-method> <!-- tearDownClass -->
      </class> <!-- TestRunner.TestRunner -->
    </test> <!-- Default test -->
  </suite> <!-- Default suite -->
</testng-results>
